The system is: Linux - 4.4.0-19041-Microsoft - x86_64
Compiling the C compiler identification source file "CMakeCCompilerId.c" succeeded.
Compiler: /opt/toolchain/gcc-linaro-5.4.1-2017.01-x86_64_arm-linux-gnueabihf/bin/arm-linux-gnueabihf-gcc 
Build flags: 
Id flags: 

The output was:
0


Compilation of the C compiler identification source "CMakeCCompilerId.c" produced "a.out"

The C compiler identification is GNU, found in "/home/eunji/project/busan_line1/pic/build/CMakeFiles/3.5.1/CompilerIdC/a.out"

Compiling the CXX compiler identification source file "CMakeCXXCompilerId.cpp" succeeded.
Compiler: /opt/toolchain/gcc-linaro-5.4.1-2017.01-x86_64_arm-linux-gnueabihf/bin/arm-linux-gnueabihf-g++ 
Build flags: 
Id flags: 

The output was:
0


Compilation of the CXX compiler identification source "CMakeCXXCompilerId.cpp" produced "a.out"

The CXX compiler identification is GNU, found in "/home/eunji/project/busan_line1/pic/build/CMakeFiles/3.5.1/CompilerIdCXX/a.out"

Determining if the C compiler works passed with the following output:
Change Dir: /home/eunji/project/busan_line1/pic/build/CMakeFiles/CMakeTmp

Run Build Command:"/usr/bin/make" "cmTC_c554f/fast"
/usr/bin/make -f CMakeFiles/cmTC_c554f.dir/build.make CMakeFiles/cmTC_c554f.dir/build
make[1]: Entering directory '/home/eunji/project/busan_line1/pic/build/CMakeFiles/CMakeTmp'
Building C object CMakeFiles/cmTC_c554f.dir/testCCompiler.c.o
/opt/toolchain/gcc-linaro-5.4.1-2017.01-x86_64_arm-linux-gnueabihf/bin/arm-linux-gnueabihf-gcc     -o CMakeFiles/cmTC_c554f.dir/testCCompiler.c.o   -c /home/eunji/project/busan_line1/pic/build/CMakeFiles/CMakeTmp/testCCompiler.c
Linking C executable cmTC_c554f
/usr/bin/cmake -E cmake_link_script CMakeFiles/cmTC_c554f.dir/link.txt --verbose=1
/opt/toolchain/gcc-linaro-5.4.1-2017.01-x86_64_arm-linux-gnueabihf/bin/arm-linux-gnueabihf-gcc       CMakeFiles/cmTC_c554f.dir/testCCompiler.c.o  -o cmTC_c554f 
make[1]: Leaving directory '/home/eunji/project/busan_line1/pic/build/CMakeFiles/CMakeTmp'


Detecting C compiler ABI info compiled with the following output:
Change Dir: /home/eunji/project/busan_line1/pic/build/CMakeFiles/CMakeTmp

Run Build Command:"/usr/bin/make" "cmTC_32892/fast"
/usr/bin/make -f CMakeFiles/cmTC_32892.dir/build.make CMakeFiles/cmTC_32892.dir/build
make[1]: Entering directory '/home/eunji/project/busan_line1/pic/build/CMakeFiles/CMakeTmp'
Building C object CMakeFiles/cmTC_32892.dir/CMakeCCompilerABI.c.o
/opt/toolchain/gcc-linaro-5.4.1-2017.01-x86_64_arm-linux-gnueabihf/bin/arm-linux-gnueabihf-gcc     -o CMakeFiles/cmTC_32892.dir/CMakeCCompilerABI.c.o   -c /usr/share/cmake-3.5/Modules/CMakeCCompilerABI.c
Linking C executable cmTC_32892
/usr/bin/cmake -E cmake_link_script CMakeFiles/cmTC_32892.dir/link.txt --verbose=1
/opt/toolchain/gcc-linaro-5.4.1-2017.01-x86_64_arm-linux-gnueabihf/bin/arm-linux-gnueabihf-gcc      -v CMakeFiles/cmTC_32892.dir/CMakeCCompilerABI.c.o  -o cmTC_32892  
Using built-in specs.
COLLECT_GCC=/opt/toolchain/gcc-linaro-5.4.1-2017.01-x86_64_arm-linux-gnueabihf/bin/arm-linux-gnueabihf-gcc
COLLECT_LTO_WRAPPER=/opt/toolchain/gcc-linaro-5.4.1-2017.01-x86_64_arm-linux-gnueabihf/bin/../libexec/gcc/arm-linux-gnueabihf/5.4.1/lto-wrapper
Target: arm-linux-gnueabihf
Configured with: /home/tcwg-buildslave/workspace/tcwg-make-release/label/docker-trusty-amd64-tcwg-build/target/arm-linux-gnueabihf/snapshots/gcc-linaro-5.4-2017.01/configure SHELL=/bin/bash --with-mpc=/home/tcwg-buildslave/workspace/tcwg-make-release/label/docker-trusty-amd64-tcwg-build/target/arm-linux-gnueabihf/_build/builds/destdir/x86_64-unknown-linux-gnu --with-mpfr=/home/tcwg-buildslave/workspace/tcwg-make-release/label/docker-trusty-amd64-tcwg-build/target/arm-linux-gnueabihf/_build/builds/destdir/x86_64-unknown-linux-gnu --with-gmp=/home/tcwg-buildslave/workspace/tcwg-make-release/label/docker-trusty-amd64-tcwg-build/target/arm-linux-gnueabihf/_build/builds/destdir/x86_64-unknown-linux-gnu --with-gnu-as --with-gnu-ld --disable-libmudflap --enable-lto --enable-objc-gc --enable-shared --without-included-gettext --enable-nls --disable-sjlj-exceptions --enable-gnu-unique-object --enable-linker-build-id --disable-libstdcxx-pch --enable-c99 --enable-clocale=gnu --enable-libstdcxx-debug --enable-long-long --with-cloog=no --with-ppl=no --with-isl=no --disable-multilib --with-float=hard --with-mode=thumb --with-tune=cortex-a9 --with-arch=armv7-a --with-fpu=vfpv3-d16 --enable-threads=posix --enable-multiarch --enable-libstdcxx-time=yes --with-build-sysroot=/home/tcwg-buildslave/workspace/tcwg-make-release/label/docker-trusty-amd64-tcwg-build/target/arm-linux-gnueabihf/_build/sysroots/arm-linux-gnueabihf --with-sysroot=/home/tcwg-buildslave/workspace/tcwg-make-release/label/docker-trusty-amd64-tcwg-build/target/arm-linux-gnueabihf/_build/builds/destdir/x86_64-unknown-linux-gnu/arm-linux-gnueabihf/libc --enable-checking=release --disable-bootstrap --enable-languages=c,c++,fortran,lto --build=x86_64-unknown-linux-gnu --host=x86_64-unknown-linux-gnu --target=arm-linux-gnueabihf --prefix=/home/tcwg-buildslave/workspace/tcwg-make-release/label/docker-trusty-amd64-tcwg-build/target/arm-linux-gnueabihf/_build/builds/destdir/x86_64-unknown-linux-gnu
Thread model: posix
gcc version 5.4.1 20161213 (Linaro GCC 5.4-2017.01) 
COMPILER_PATH=/opt/toolchain/gcc-linaro-5.4.1-2017.01-x86_64_arm-linux-gnueabihf/bin/../libexec/gcc/arm-linux-gnueabihf/5.4.1/:/opt/toolchain/gcc-linaro-5.4.1-2017.01-x86_64_arm-linux-gnueabihf/bin/../libexec/gcc/arm-linux-gnueabihf/:/opt/toolchain/gcc-linaro-5.4.1-2017.01-x86_64_arm-linux-gnueabihf/bin/../libexec/gcc/:/opt/toolchain/gcc-linaro-5.4.1-2017.01-x86_64_arm-linux-gnueabihf/bin/../lib/gcc/arm-linux-gnueabihf/5.4.1/../../../../arm-linux-gnueabihf/bin/
LIBRARY_PATH=/opt/toolchain/gcc-linaro-5.4.1-2017.01-x86_64_arm-linux-gnueabihf/bin/../lib/gcc/arm-linux-gnueabihf/5.4.1/:/opt/toolchain/gcc-linaro-5.4.1-2017.01-x86_64_arm-linux-gnueabihf/bin/../lib/gcc/arm-linux-gnueabihf/:/opt/toolchain/gcc-linaro-5.4.1-2017.01-x86_64_arm-linux-gnueabihf/bin/../lib/gcc/:/opt/toolchain/gcc-linaro-5.4.1-2017.01-x86_64_arm-linux-gnueabihf/bin/../lib/gcc/arm-linux-gnueabihf/5.4.1/../../../../arm-linux-gnueabihf/lib/:/opt/toolchain/gcc-linaro-5.4.1-2017.01-x86_64_arm-linux-gnueabihf/bin/../arm-linux-gnueabihf/libc/lib/:/opt/toolchain/gcc-linaro-5.4.1-2017.01-x86_64_arm-linux-gnueabihf/bin/../arm-linux-gnueabihf/libc/usr/lib/
COLLECT_GCC_OPTIONS='-v' '-o' 'cmTC_32892' '-march=armv7-a' '-mtune=cortex-a9' '-mfloat-abi=hard' '-mfpu=vfpv3-d16' '-mthumb' '-mtls-dialect=gnu'
 /opt/toolchain/gcc-linaro-5.4.1-2017.01-x86_64_arm-linux-gnueabihf/bin/../libexec/gcc/arm-linux-gnueabihf/5.4.1/collect2 -plugin /opt/toolchain/gcc-linaro-5.4.1-2017.01-x86_64_arm-linux-gnueabihf/bin/../libexec/gcc/arm-linux-gnueabihf/5.4.1/liblto_plugin.so -plugin-opt=/opt/toolchain/gcc-linaro-5.4.1-2017.01-x86_64_arm-linux-gnueabihf/bin/../libexec/gcc/arm-linux-gnueabihf/5.4.1/lto-wrapper -plugin-opt=-fresolution=/tmp/ccKeEDnz.res -plugin-opt=-pass-through=-lgcc -plugin-opt=-pass-through=-lgcc_s -plugin-opt=-pass-through=-lc -plugin-opt=-pass-through=-lgcc -plugin-opt=-pass-through=-lgcc_s --sysroot=/opt/toolchain/gcc-linaro-5.4.1-2017.01-x86_64_arm-linux-gnueabihf/bin/../arm-linux-gnueabihf/libc --build-id --eh-frame-hdr -dynamic-linker /lib/ld-linux-armhf.so.3 -X -m armelf_linux_eabi -o cmTC_32892 /opt/toolchain/gcc-linaro-5.4.1-2017.01-x86_64_arm-linux-gnueabihf/bin/../arm-linux-gnueabihf/libc/usr/lib/crt1.o /opt/toolchain/gcc-linaro-5.4.1-2017.01-x86_64_arm-linux-gnueabihf/bin/../arm-linux-gnueabihf/libc/usr/lib/crti.o /opt/toolchain/gcc-linaro-5.4.1-2017.01-x86_64_arm-linux-gnueabihf/bin/../lib/gcc/arm-linux-gnueabihf/5.4.1/crtbegin.o -L/opt/toolchain/gcc-linaro-5.4.1-2017.01-x86_64_arm-linux-gnueabihf/bin/../lib/gcc/arm-linux-gnueabihf/5.4.1 -L/opt/toolchain/gcc-linaro-5.4.1-2017.01-x86_64_arm-linux-gnueabihf/bin/../lib/gcc/arm-linux-gnueabihf -L/opt/toolchain/gcc-linaro-5.4.1-2017.01-x86_64_arm-linux-gnueabihf/bin/../lib/gcc -L/opt/toolchain/gcc-linaro-5.4.1-2017.01-x86_64_arm-linux-gnueabihf/bin/../lib/gcc/arm-linux-gnueabihf/5.4.1/../../../../arm-linux-gnueabihf/lib -L/opt/toolchain/gcc-linaro-5.4.1-2017.01-x86_64_arm-linux-gnueabihf/bin/../arm-linux-gnueabihf/libc/lib -L/opt/toolchain/gcc-linaro-5.4.1-2017.01-x86_64_arm-linux-gnueabihf/bin/../arm-linux-gnueabihf/libc/usr/lib CMakeFiles/cmTC_32892.dir/CMakeCCompilerABI.c.o -lgcc --as-needed -lgcc_s --no-as-needed -lc -lgcc --as-needed -lgcc_s --no-as-needed /opt/toolchain/gcc-linaro-5.4.1-2017.01-x86_64_arm-linux-gnueabihf/bin/../lib/gcc/arm-linux-gnueabihf/5.4.1/crtend.o /opt/toolchain/gcc-linaro-5.4.1-2017.01-x86_64_arm-linux-gnueabihf/bin/../arm-linux-gnueabihf/libc/usr/lib/crtn.o
make[1]: Leaving directory '/home/eunji/project/busan_line1/pic/build/CMakeFiles/CMakeTmp'


Parsed C implicit link information from above output:
  link line regex: [^( *|.*[/\])(ld|([^/\]+-)?ld|collect2)[^/\]*( |$)]
  ignore line: [Change Dir: /home/eunji/project/busan_line1/pic/build/CMakeFiles/CMakeTmp]
  ignore line: []
  ignore line: [Run Build Command:"/usr/bin/make" "cmTC_32892/fast"]
  ignore line: [/usr/bin/make -f CMakeFiles/cmTC_32892.dir/build.make CMakeFiles/cmTC_32892.dir/build]
  ignore line: [make[1]: Entering directory '/home/eunji/project/busan_line1/pic/build/CMakeFiles/CMakeTmp']
  ignore line: [Building C object CMakeFiles/cmTC_32892.dir/CMakeCCompilerABI.c.o]
  ignore line: [/opt/toolchain/gcc-linaro-5.4.1-2017.01-x86_64_arm-linux-gnueabihf/bin/arm-linux-gnueabihf-gcc     -o CMakeFiles/cmTC_32892.dir/CMakeCCompilerABI.c.o   -c /usr/share/cmake-3.5/Modules/CMakeCCompilerABI.c]
  ignore line: [Linking C executable cmTC_32892]
  ignore line: [/usr/bin/cmake -E cmake_link_script CMakeFiles/cmTC_32892.dir/link.txt --verbose=1]
  ignore line: [/opt/toolchain/gcc-linaro-5.4.1-2017.01-x86_64_arm-linux-gnueabihf/bin/arm-linux-gnueabihf-gcc      -v CMakeFiles/cmTC_32892.dir/CMakeCCompilerABI.c.o  -o cmTC_32892  ]
  ignore line: [Using built-in specs.]
  ignore line: [COLLECT_GCC=/opt/toolchain/gcc-linaro-5.4.1-2017.01-x86_64_arm-linux-gnueabihf/bin/arm-linux-gnueabihf-gcc]
  ignore line: [COLLECT_LTO_WRAPPER=/opt/toolchain/gcc-linaro-5.4.1-2017.01-x86_64_arm-linux-gnueabihf/bin/../libexec/gcc/arm-linux-gnueabihf/5.4.1/lto-wrapper]
  ignore line: [Target: arm-linux-gnueabihf]
  ignore line: [Configured with: /home/tcwg-buildslave/workspace/tcwg-make-release/label/docker-trusty-amd64-tcwg-build/target/arm-linux-gnueabihf/snapshots/gcc-linaro-5.4-2017.01/configure SHELL=/bin/bash --with-mpc=/home/tcwg-buildslave/workspace/tcwg-make-release/label/docker-trusty-amd64-tcwg-build/target/arm-linux-gnueabihf/_build/builds/destdir/x86_64-unknown-linux-gnu --with-mpfr=/home/tcwg-buildslave/workspace/tcwg-make-release/label/docker-trusty-amd64-tcwg-build/target/arm-linux-gnueabihf/_build/builds/destdir/x86_64-unknown-linux-gnu --with-gmp=/home/tcwg-buildslave/workspace/tcwg-make-release/label/docker-trusty-amd64-tcwg-build/target/arm-linux-gnueabihf/_build/builds/destdir/x86_64-unknown-linux-gnu --with-gnu-as --with-gnu-ld --disable-libmudflap --enable-lto --enable-objc-gc --enable-shared --without-included-gettext --enable-nls --disable-sjlj-exceptions --enable-gnu-unique-object --enable-linker-build-id --disable-libstdcxx-pch --enable-c99 --enable-clocale=gnu --enable-libstdcxx-debug --enable-long-long --with-cloog=no --with-ppl=no --with-isl=no --disable-multilib --with-float=hard --with-mode=thumb --with-tune=cortex-a9 --with-arch=armv7-a --with-fpu=vfpv3-d16 --enable-threads=posix --enable-multiarch --enable-libstdcxx-time=yes --with-build-sysroot=/home/tcwg-buildslave/workspace/tcwg-make-release/label/docker-trusty-amd64-tcwg-build/target/arm-linux-gnueabihf/_build/sysroots/arm-linux-gnueabihf --with-sysroot=/home/tcwg-buildslave/workspace/tcwg-make-release/label/docker-trusty-amd64-tcwg-build/target/arm-linux-gnueabihf/_build/builds/destdir/x86_64-unknown-linux-gnu/arm-linux-gnueabihf/libc --enable-checking=release --disable-bootstrap --enable-languages=c,c++,fortran,lto --build=x86_64-unknown-linux-gnu --host=x86_64-unknown-linux-gnu --target=arm-linux-gnueabihf --prefix=/home/tcwg-buildslave/workspace/tcwg-make-release/label/docker-trusty-amd64-tcwg-build/target/arm-linux-gnueabihf/_build/builds/destdir/x86_64-unknown-linux-gnu]
  ignore line: [Thread model: posix]
  ignore line: [gcc version 5.4.1 20161213 (Linaro GCC 5.4-2017.01) ]
  ignore line: [COMPILER_PATH=/opt/toolchain/gcc-linaro-5.4.1-2017.01-x86_64_arm-linux-gnueabihf/bin/../libexec/gcc/arm-linux-gnueabihf/5.4.1/:/opt/toolchain/gcc-linaro-5.4.1-2017.01-x86_64_arm-linux-gnueabihf/bin/../libexec/gcc/arm-linux-gnueabihf/:/opt/toolchain/gcc-linaro-5.4.1-2017.01-x86_64_arm-linux-gnueabihf/bin/../libexec/gcc/:/opt/toolchain/gcc-linaro-5.4.1-2017.01-x86_64_arm-linux-gnueabihf/bin/../lib/gcc/arm-linux-gnueabihf/5.4.1/../../../../arm-linux-gnueabihf/bin/]
  ignore line: [LIBRARY_PATH=/opt/toolchain/gcc-linaro-5.4.1-2017.01-x86_64_arm-linux-gnueabihf/bin/../lib/gcc/arm-linux-gnueabihf/5.4.1/:/opt/toolchain/gcc-linaro-5.4.1-2017.01-x86_64_arm-linux-gnueabihf/bin/../lib/gcc/arm-linux-gnueabihf/:/opt/toolchain/gcc-linaro-5.4.1-2017.01-x86_64_arm-linux-gnueabihf/bin/../lib/gcc/:/opt/toolchain/gcc-linaro-5.4.1-2017.01-x86_64_arm-linux-gnueabihf/bin/../lib/gcc/arm-linux-gnueabihf/5.4.1/../../../../arm-linux-gnueabihf/lib/:/opt/toolchain/gcc-linaro-5.4.1-2017.01-x86_64_arm-linux-gnueabihf/bin/../arm-linux-gnueabihf/libc/lib/:/opt/toolchain/gcc-linaro-5.4.1-2017.01-x86_64_arm-linux-gnueabihf/bin/../arm-linux-gnueabihf/libc/usr/lib/]
  ignore line: [COLLECT_GCC_OPTIONS='-v' '-o' 'cmTC_32892' '-march=armv7-a' '-mtune=cortex-a9' '-mfloat-abi=hard' '-mfpu=vfpv3-d16' '-mthumb' '-mtls-dialect=gnu']
  link line: [ /opt/toolchain/gcc-linaro-5.4.1-2017.01-x86_64_arm-linux-gnueabihf/bin/../libexec/gcc/arm-linux-gnueabihf/5.4.1/collect2 -plugin /opt/toolchain/gcc-linaro-5.4.1-2017.01-x86_64_arm-linux-gnueabihf/bin/../libexec/gcc/arm-linux-gnueabihf/5.4.1/liblto_plugin.so -plugin-opt=/opt/toolchain/gcc-linaro-5.4.1-2017.01-x86_64_arm-linux-gnueabihf/bin/../libexec/gcc/arm-linux-gnueabihf/5.4.1/lto-wrapper -plugin-opt=-fresolution=/tmp/ccKeEDnz.res -plugin-opt=-pass-through=-lgcc -plugin-opt=-pass-through=-lgcc_s -plugin-opt=-pass-through=-lc -plugin-opt=-pass-through=-lgcc -plugin-opt=-pass-through=-lgcc_s --sysroot=/opt/toolchain/gcc-linaro-5.4.1-2017.01-x86_64_arm-linux-gnueabihf/bin/../arm-linux-gnueabihf/libc --build-id --eh-frame-hdr -dynamic-linker /lib/ld-linux-armhf.so.3 -X -m armelf_linux_eabi -o cmTC_32892 /opt/toolchain/gcc-linaro-5.4.1-2017.01-x86_64_arm-linux-gnueabihf/bin/../arm-linux-gnueabihf/libc/usr/lib/crt1.o /opt/toolchain/gcc-linaro-5.4.1-2017.01-x86_64_arm-linux-gnueabihf/bin/../arm-linux-gnueabihf/libc/usr/lib/crti.o /opt/toolchain/gcc-linaro-5.4.1-2017.01-x86_64_arm-linux-gnueabihf/bin/../lib/gcc/arm-linux-gnueabihf/5.4.1/crtbegin.o -L/opt/toolchain/gcc-linaro-5.4.1-2017.01-x86_64_arm-linux-gnueabihf/bin/../lib/gcc/arm-linux-gnueabihf/5.4.1 -L/opt/toolchain/gcc-linaro-5.4.1-2017.01-x86_64_arm-linux-gnueabihf/bin/../lib/gcc/arm-linux-gnueabihf -L/opt/toolchain/gcc-linaro-5.4.1-2017.01-x86_64_arm-linux-gnueabihf/bin/../lib/gcc -L/opt/toolchain/gcc-linaro-5.4.1-2017.01-x86_64_arm-linux-gnueabihf/bin/../lib/gcc/arm-linux-gnueabihf/5.4.1/../../../../arm-linux-gnueabihf/lib -L/opt/toolchain/gcc-linaro-5.4.1-2017.01-x86_64_arm-linux-gnueabihf/bin/../arm-linux-gnueabihf/libc/lib -L/opt/toolchain/gcc-linaro-5.4.1-2017.01-x86_64_arm-linux-gnueabihf/bin/../arm-linux-gnueabihf/libc/usr/lib CMakeFiles/cmTC_32892.dir/CMakeCCompilerABI.c.o -lgcc --as-needed -lgcc_s --no-as-needed -lc -lgcc --as-needed -lgcc_s --no-as-needed /opt/toolchain/gcc-linaro-5.4.1-2017.01-x86_64_arm-linux-gnueabihf/bin/../lib/gcc/arm-linux-gnueabihf/5.4.1/crtend.o /opt/toolchain/gcc-linaro-5.4.1-2017.01-x86_64_arm-linux-gnueabihf/bin/../arm-linux-gnueabihf/libc/usr/lib/crtn.o]
    arg [/opt/toolchain/gcc-linaro-5.4.1-2017.01-x86_64_arm-linux-gnueabihf/bin/../libexec/gcc/arm-linux-gnueabihf/5.4.1/collect2] ==> ignore
    arg [-plugin] ==> ignore
    arg [/opt/toolchain/gcc-linaro-5.4.1-2017.01-x86_64_arm-linux-gnueabihf/bin/../libexec/gcc/arm-linux-gnueabihf/5.4.1/liblto_plugin.so] ==> ignore
    arg [-plugin-opt=/opt/toolchain/gcc-linaro-5.4.1-2017.01-x86_64_arm-linux-gnueabihf/bin/../libexec/gcc/arm-linux-gnueabihf/5.4.1/lto-wrapper] ==> ignore
    arg [-plugin-opt=-fresolution=/tmp/ccKeEDnz.res] ==> ignore
    arg [-plugin-opt=-pass-through=-lgcc] ==> ignore
    arg [-plugin-opt=-pass-through=-lgcc_s] ==> ignore
    arg [-plugin-opt=-pass-through=-lc] ==> ignore
    arg [-plugin-opt=-pass-through=-lgcc] ==> ignore
    arg [-plugin-opt=-pass-through=-lgcc_s] ==> ignore
    arg [--sysroot=/opt/toolchain/gcc-linaro-5.4.1-2017.01-x86_64_arm-linux-gnueabihf/bin/../arm-linux-gnueabihf/libc] ==> ignore
    arg [--build-id] ==> ignore
    arg [--eh-frame-hdr] ==> ignore
    arg [-dynamic-linker] ==> ignore
    arg [/lib/ld-linux-armhf.so.3] ==> ignore
    arg [-X] ==> ignore
    arg [-m] ==> ignore
    arg [armelf_linux_eabi] ==> ignore
    arg [-o] ==> ignore
    arg [cmTC_32892] ==> ignore
    arg [/opt/toolchain/gcc-linaro-5.4.1-2017.01-x86_64_arm-linux-gnueabihf/bin/../arm-linux-gnueabihf/libc/usr/lib/crt1.o] ==> ignore
    arg [/opt/toolchain/gcc-linaro-5.4.1-2017.01-x86_64_arm-linux-gnueabihf/bin/../arm-linux-gnueabihf/libc/usr/lib/crti.o] ==> ignore
    arg [/opt/toolchain/gcc-linaro-5.4.1-2017.01-x86_64_arm-linux-gnueabihf/bin/../lib/gcc/arm-linux-gnueabihf/5.4.1/crtbegin.o] ==> ignore
    arg [-L/opt/toolchain/gcc-linaro-5.4.1-2017.01-x86_64_arm-linux-gnueabihf/bin/../lib/gcc/arm-linux-gnueabihf/5.4.1] ==> dir [/opt/toolchain/gcc-linaro-5.4.1-2017.01-x86_64_arm-linux-gnueabihf/bin/../lib/gcc/arm-linux-gnueabihf/5.4.1]
    arg [-L/opt/toolchain/gcc-linaro-5.4.1-2017.01-x86_64_arm-linux-gnueabihf/bin/../lib/gcc/arm-linux-gnueabihf] ==> dir [/opt/toolchain/gcc-linaro-5.4.1-2017.01-x86_64_arm-linux-gnueabihf/bin/../lib/gcc/arm-linux-gnueabihf]
    arg [-L/opt/toolchain/gcc-linaro-5.4.1-2017.01-x86_64_arm-linux-gnueabihf/bin/../lib/gcc] ==> dir [/opt/toolchain/gcc-linaro-5.4.1-2017.01-x86_64_arm-linux-gnueabihf/bin/../lib/gcc]
    arg [-L/opt/toolchain/gcc-linaro-5.4.1-2017.01-x86_64_arm-linux-gnueabihf/bin/../lib/gcc/arm-linux-gnueabihf/5.4.1/../../../../arm-linux-gnueabihf/lib] ==> dir [/opt/toolchain/gcc-linaro-5.4.1-2017.01-x86_64_arm-linux-gnueabihf/bin/../lib/gcc/arm-linux-gnueabihf/5.4.1/../../../../arm-linux-gnueabihf/lib]
    arg [-L/opt/toolchain/gcc-linaro-5.4.1-2017.01-x86_64_arm-linux-gnueabihf/bin/../arm-linux-gnueabihf/libc/lib] ==> dir [/opt/toolchain/gcc-linaro-5.4.1-2017.01-x86_64_arm-linux-gnueabihf/bin/../arm-linux-gnueabihf/libc/lib]
    arg [-L/opt/toolchain/gcc-linaro-5.4.1-2017.01-x86_64_arm-linux-gnueabihf/bin/../arm-linux-gnueabihf/libc/usr/lib] ==> dir [/opt/toolchain/gcc-linaro-5.4.1-2017.01-x86_64_arm-linux-gnueabihf/bin/../arm-linux-gnueabihf/libc/usr/lib]
    arg [CMakeFiles/cmTC_32892.dir/CMakeCCompilerABI.c.o] ==> ignore
    arg [-lgcc] ==> lib [gcc]
    arg [--as-needed] ==> ignore
    arg [-lgcc_s] ==> lib [gcc_s]
    arg [--no-as-needed] ==> ignore
    arg [-lc] ==> lib [c]
    arg [-lgcc] ==> lib [gcc]
    arg [--as-needed] ==> ignore
    arg [-lgcc_s] ==> lib [gcc_s]
    arg [--no-as-needed] ==> ignore
    arg [/opt/toolchain/gcc-linaro-5.4.1-2017.01-x86_64_arm-linux-gnueabihf/bin/../lib/gcc/arm-linux-gnueabihf/5.4.1/crtend.o] ==> ignore
    arg [/opt/toolchain/gcc-linaro-5.4.1-2017.01-x86_64_arm-linux-gnueabihf/bin/../arm-linux-gnueabihf/libc/usr/lib/crtn.o] ==> ignore
  remove lib [gcc]
  remove lib [gcc_s]
  remove lib [gcc]
  remove lib [gcc_s]
  collapse library dir [/opt/toolchain/gcc-linaro-5.4.1-2017.01-x86_64_arm-linux-gnueabihf/bin/../lib/gcc/arm-linux-gnueabihf/5.4.1] ==> [/opt/toolchain/gcc-linaro-5.4.1-2017.01-x86_64_arm-linux-gnueabihf/lib/gcc/arm-linux-gnueabihf/5.4.1]
  collapse library dir [/opt/toolchain/gcc-linaro-5.4.1-2017.01-x86_64_arm-linux-gnueabihf/bin/../lib/gcc/arm-linux-gnueabihf] ==> [/opt/toolchain/gcc-linaro-5.4.1-2017.01-x86_64_arm-linux-gnueabihf/lib/gcc/arm-linux-gnueabihf]
  collapse library dir [/opt/toolchain/gcc-linaro-5.4.1-2017.01-x86_64_arm-linux-gnueabihf/bin/../lib/gcc] ==> [/opt/toolchain/gcc-linaro-5.4.1-2017.01-x86_64_arm-linux-gnueabihf/lib/gcc]
  collapse library dir [/opt/toolchain/gcc-linaro-5.4.1-2017.01-x86_64_arm-linux-gnueabihf/bin/../lib/gcc/arm-linux-gnueabihf/5.4.1/../../../../arm-linux-gnueabihf/lib] ==> [/opt/toolchain/gcc-linaro-5.4.1-2017.01-x86_64_arm-linux-gnueabihf/arm-linux-gnueabihf/lib]
  collapse library dir [/opt/toolchain/gcc-linaro-5.4.1-2017.01-x86_64_arm-linux-gnueabihf/bin/../arm-linux-gnueabihf/libc/lib] ==> [/opt/toolchain/gcc-linaro-5.4.1-2017.01-x86_64_arm-linux-gnueabihf/arm-linux-gnueabihf/libc/lib]
  collapse library dir [/opt/toolchain/gcc-linaro-5.4.1-2017.01-x86_64_arm-linux-gnueabihf/bin/../arm-linux-gnueabihf/libc/usr/lib] ==> [/opt/toolchain/gcc-linaro-5.4.1-2017.01-x86_64_arm-linux-gnueabihf/arm-linux-gnueabihf/libc/usr/lib]
  implicit libs: [c]
  implicit dirs: [/opt/toolchain/gcc-linaro-5.4.1-2017.01-x86_64_arm-linux-gnueabihf/lib/gcc/arm-linux-gnueabihf/5.4.1;/opt/toolchain/gcc-linaro-5.4.1-2017.01-x86_64_arm-linux-gnueabihf/lib/gcc/arm-linux-gnueabihf;/opt/toolchain/gcc-linaro-5.4.1-2017.01-x86_64_arm-linux-gnueabihf/lib/gcc;/opt/toolchain/gcc-linaro-5.4.1-2017.01-x86_64_arm-linux-gnueabihf/arm-linux-gnueabihf/lib;/opt/toolchain/gcc-linaro-5.4.1-2017.01-x86_64_arm-linux-gnueabihf/arm-linux-gnueabihf/libc/lib;/opt/toolchain/gcc-linaro-5.4.1-2017.01-x86_64_arm-linux-gnueabihf/arm-linux-gnueabihf/libc/usr/lib]
  implicit fwks: []




Detecting C [-std=c11] compiler features compiled with the following output:
Change Dir: /home/eunji/project/busan_line1/pic/build/CMakeFiles/CMakeTmp

Run Build Command:"/usr/bin/make" "cmTC_1636c/fast"
/usr/bin/make -f CMakeFiles/cmTC_1636c.dir/build.make CMakeFiles/cmTC_1636c.dir/build
make[1]: Entering directory '/home/eunji/project/busan_line1/pic/build/CMakeFiles/CMakeTmp'
Building C object CMakeFiles/cmTC_1636c.dir/feature_tests.c.o
/opt/toolchain/gcc-linaro-5.4.1-2017.01-x86_64_arm-linux-gnueabihf/bin/arm-linux-gnueabihf-gcc    -std=c11 -o CMakeFiles/cmTC_1636c.dir/feature_tests.c.o   -c /home/eunji/project/busan_line1/pic/build/CMakeFiles/feature_tests.c
Linking C executable cmTC_1636c
/usr/bin/cmake -E cmake_link_script CMakeFiles/cmTC_1636c.dir/link.txt --verbose=1
/opt/toolchain/gcc-linaro-5.4.1-2017.01-x86_64_arm-linux-gnueabihf/bin/arm-linux-gnueabihf-gcc       CMakeFiles/cmTC_1636c.dir/feature_tests.c.o  -o cmTC_1636c 
make[1]: Leaving directory '/home/eunji/project/busan_line1/pic/build/CMakeFiles/CMakeTmp'


    Feature record: C_FEATURE:1c_function_prototypes
    Feature record: C_FEATURE:1c_restrict
    Feature record: C_FEATURE:1c_static_assert
    Feature record: C_FEATURE:1c_variadic_macros


Detecting C [-std=c99] compiler features compiled with the following output:
Change Dir: /home/eunji/project/busan_line1/pic/build/CMakeFiles/CMakeTmp

Run Build Command:"/usr/bin/make" "cmTC_1c02a/fast"
/usr/bin/make -f CMakeFiles/cmTC_1c02a.dir/build.make CMakeFiles/cmTC_1c02a.dir/build
make[1]: Entering directory '/home/eunji/project/busan_line1/pic/build/CMakeFiles/CMakeTmp'
Building C object CMakeFiles/cmTC_1c02a.dir/feature_tests.c.o
/opt/toolchain/gcc-linaro-5.4.1-2017.01-x86_64_arm-linux-gnueabihf/bin/arm-linux-gnueabihf-gcc    -std=c99 -o CMakeFiles/cmTC_1c02a.dir/feature_tests.c.o   -c /home/eunji/project/busan_line1/pic/build/CMakeFiles/feature_tests.c
Linking C executable cmTC_1c02a
/usr/bin/cmake -E cmake_link_script CMakeFiles/cmTC_1c02a.dir/link.txt --verbose=1
/opt/toolchain/gcc-linaro-5.4.1-2017.01-x86_64_arm-linux-gnueabihf/bin/arm-linux-gnueabihf-gcc       CMakeFiles/cmTC_1c02a.dir/feature_tests.c.o  -o cmTC_1c02a 
make[1]: Leaving directory '/home/eunji/project/busan_line1/pic/build/CMakeFiles/CMakeTmp'


    Feature record: C_FEATURE:1c_function_prototypes
    Feature record: C_FEATURE:1c_restrict
    Feature record: C_FEATURE:0c_static_assert
    Feature record: C_FEATURE:1c_variadic_macros


Detecting C [-std=c90] compiler features compiled with the following output:
Change Dir: /home/eunji/project/busan_line1/pic/build/CMakeFiles/CMakeTmp

Run Build Command:"/usr/bin/make" "cmTC_d1712/fast"
/usr/bin/make -f CMakeFiles/cmTC_d1712.dir/build.make CMakeFiles/cmTC_d1712.dir/build
make[1]: Entering directory '/home/eunji/project/busan_line1/pic/build/CMakeFiles/CMakeTmp'
Building C object CMakeFiles/cmTC_d1712.dir/feature_tests.c.o
/opt/toolchain/gcc-linaro-5.4.1-2017.01-x86_64_arm-linux-gnueabihf/bin/arm-linux-gnueabihf-gcc    -std=c90 -o CMakeFiles/cmTC_d1712.dir/feature_tests.c.o   -c /home/eunji/project/busan_line1/pic/build/CMakeFiles/feature_tests.c
Linking C executable cmTC_d1712
/usr/bin/cmake -E cmake_link_script CMakeFiles/cmTC_d1712.dir/link.txt --verbose=1
/opt/toolchain/gcc-linaro-5.4.1-2017.01-x86_64_arm-linux-gnueabihf/bin/arm-linux-gnueabihf-gcc       CMakeFiles/cmTC_d1712.dir/feature_tests.c.o  -o cmTC_d1712 
make[1]: Leaving directory '/home/eunji/project/busan_line1/pic/build/CMakeFiles/CMakeTmp'


    Feature record: C_FEATURE:1c_function_prototypes
    Feature record: C_FEATURE:0c_restrict
    Feature record: C_FEATURE:0c_static_assert
    Feature record: C_FEATURE:0c_variadic_macros
Determining if the CXX compiler works passed with the following output:
Change Dir: /home/eunji/project/busan_line1/pic/build/CMakeFiles/CMakeTmp

Run Build Command:"/usr/bin/make" "cmTC_1052c/fast"
/usr/bin/make -f CMakeFiles/cmTC_1052c.dir/build.make CMakeFiles/cmTC_1052c.dir/build
make[1]: Entering directory '/home/eunji/project/busan_line1/pic/build/CMakeFiles/CMakeTmp'
Building CXX object CMakeFiles/cmTC_1052c.dir/testCXXCompiler.cxx.o
/opt/toolchain/gcc-linaro-5.4.1-2017.01-x86_64_arm-linux-gnueabihf/bin/arm-linux-gnueabihf-g++      -o CMakeFiles/cmTC_1052c.dir/testCXXCompiler.cxx.o -c /home/eunji/project/busan_line1/pic/build/CMakeFiles/CMakeTmp/testCXXCompiler.cxx
Linking CXX executable cmTC_1052c
/usr/bin/cmake -E cmake_link_script CMakeFiles/cmTC_1052c.dir/link.txt --verbose=1
/opt/toolchain/gcc-linaro-5.4.1-2017.01-x86_64_arm-linux-gnueabihf/bin/arm-linux-gnueabihf-g++        CMakeFiles/cmTC_1052c.dir/testCXXCompiler.cxx.o  -o cmTC_1052c 
make[1]: Leaving directory '/home/eunji/project/busan_line1/pic/build/CMakeFiles/CMakeTmp'


Detecting CXX compiler ABI info compiled with the following output:
Change Dir: /home/eunji/project/busan_line1/pic/build/CMakeFiles/CMakeTmp

Run Build Command:"/usr/bin/make" "cmTC_6dae0/fast"
/usr/bin/make -f CMakeFiles/cmTC_6dae0.dir/build.make CMakeFiles/cmTC_6dae0.dir/build
make[1]: Entering directory '/home/eunji/project/busan_line1/pic/build/CMakeFiles/CMakeTmp'
Building CXX object CMakeFiles/cmTC_6dae0.dir/CMakeCXXCompilerABI.cpp.o
/opt/toolchain/gcc-linaro-5.4.1-2017.01-x86_64_arm-linux-gnueabihf/bin/arm-linux-gnueabihf-g++      -o CMakeFiles/cmTC_6dae0.dir/CMakeCXXCompilerABI.cpp.o -c /usr/share/cmake-3.5/Modules/CMakeCXXCompilerABI.cpp
Linking CXX executable cmTC_6dae0
/usr/bin/cmake -E cmake_link_script CMakeFiles/cmTC_6dae0.dir/link.txt --verbose=1
/opt/toolchain/gcc-linaro-5.4.1-2017.01-x86_64_arm-linux-gnueabihf/bin/arm-linux-gnueabihf-g++       -v CMakeFiles/cmTC_6dae0.dir/CMakeCXXCompilerABI.cpp.o  -o cmTC_6dae0  
Using built-in specs.
COLLECT_GCC=/opt/toolchain/gcc-linaro-5.4.1-2017.01-x86_64_arm-linux-gnueabihf/bin/arm-linux-gnueabihf-g++
COLLECT_LTO_WRAPPER=/opt/toolchain/gcc-linaro-5.4.1-2017.01-x86_64_arm-linux-gnueabihf/bin/../libexec/gcc/arm-linux-gnueabihf/5.4.1/lto-wrapper
Target: arm-linux-gnueabihf
Configured with: /home/tcwg-buildslave/workspace/tcwg-make-release/label/docker-trusty-amd64-tcwg-build/target/arm-linux-gnueabihf/snapshots/gcc-linaro-5.4-2017.01/configure SHELL=/bin/bash --with-mpc=/home/tcwg-buildslave/workspace/tcwg-make-release/label/docker-trusty-amd64-tcwg-build/target/arm-linux-gnueabihf/_build/builds/destdir/x86_64-unknown-linux-gnu --with-mpfr=/home/tcwg-buildslave/workspace/tcwg-make-release/label/docker-trusty-amd64-tcwg-build/target/arm-linux-gnueabihf/_build/builds/destdir/x86_64-unknown-linux-gnu --with-gmp=/home/tcwg-buildslave/workspace/tcwg-make-release/label/docker-trusty-amd64-tcwg-build/target/arm-linux-gnueabihf/_build/builds/destdir/x86_64-unknown-linux-gnu --with-gnu-as --with-gnu-ld --disable-libmudflap --enable-lto --enable-objc-gc --enable-shared --without-included-gettext --enable-nls --disable-sjlj-exceptions --enable-gnu-unique-object --enable-linker-build-id --disable-libstdcxx-pch --enable-c99 --enable-clocale=gnu --enable-libstdcxx-debug --enable-long-long --with-cloog=no --with-ppl=no --with-isl=no --disable-multilib --with-float=hard --with-mode=thumb --with-tune=cortex-a9 --with-arch=armv7-a --with-fpu=vfpv3-d16 --enable-threads=posix --enable-multiarch --enable-libstdcxx-time=yes --with-build-sysroot=/home/tcwg-buildslave/workspace/tcwg-make-release/label/docker-trusty-amd64-tcwg-build/target/arm-linux-gnueabihf/_build/sysroots/arm-linux-gnueabihf --with-sysroot=/home/tcwg-buildslave/workspace/tcwg-make-release/label/docker-trusty-amd64-tcwg-build/target/arm-linux-gnueabihf/_build/builds/destdir/x86_64-unknown-linux-gnu/arm-linux-gnueabihf/libc --enable-checking=release --disable-bootstrap --enable-languages=c,c++,fortran,lto --build=x86_64-unknown-linux-gnu --host=x86_64-unknown-linux-gnu --target=arm-linux-gnueabihf --prefix=/home/tcwg-buildslave/workspace/tcwg-make-release/label/docker-trusty-amd64-tcwg-build/target/arm-linux-gnueabihf/_build/builds/destdir/x86_64-unknown-linux-gnu
Thread model: posix
gcc version 5.4.1 20161213 (Linaro GCC 5.4-2017.01) 
COMPILER_PATH=/opt/toolchain/gcc-linaro-5.4.1-2017.01-x86_64_arm-linux-gnueabihf/bin/../libexec/gcc/arm-linux-gnueabihf/5.4.1/:/opt/toolchain/gcc-linaro-5.4.1-2017.01-x86_64_arm-linux-gnueabihf/bin/../libexec/gcc/arm-linux-gnueabihf/:/opt/toolchain/gcc-linaro-5.4.1-2017.01-x86_64_arm-linux-gnueabihf/bin/../libexec/gcc/:/opt/toolchain/gcc-linaro-5.4.1-2017.01-x86_64_arm-linux-gnueabihf/bin/../lib/gcc/arm-linux-gnueabihf/5.4.1/../../../../arm-linux-gnueabihf/bin/
LIBRARY_PATH=/opt/toolchain/gcc-linaro-5.4.1-2017.01-x86_64_arm-linux-gnueabihf/bin/../lib/gcc/arm-linux-gnueabihf/5.4.1/:/opt/toolchain/gcc-linaro-5.4.1-2017.01-x86_64_arm-linux-gnueabihf/bin/../lib/gcc/arm-linux-gnueabihf/:/opt/toolchain/gcc-linaro-5.4.1-2017.01-x86_64_arm-linux-gnueabihf/bin/../lib/gcc/:/opt/toolchain/gcc-linaro-5.4.1-2017.01-x86_64_arm-linux-gnueabihf/bin/../lib/gcc/arm-linux-gnueabihf/5.4.1/../../../../arm-linux-gnueabihf/lib/:/opt/toolchain/gcc-linaro-5.4.1-2017.01-x86_64_arm-linux-gnueabihf/bin/../arm-linux-gnueabihf/libc/lib/:/opt/toolchain/gcc-linaro-5.4.1-2017.01-x86_64_arm-linux-gnueabihf/bin/../arm-linux-gnueabihf/libc/usr/lib/
COLLECT_GCC_OPTIONS='-v' '-o' 'cmTC_6dae0' '-shared-libgcc' '-march=armv7-a' '-mtune=cortex-a9' '-mfloat-abi=hard' '-mfpu=vfpv3-d16' '-mthumb' '-mtls-dialect=gnu'
 /opt/toolchain/gcc-linaro-5.4.1-2017.01-x86_64_arm-linux-gnueabihf/bin/../libexec/gcc/arm-linux-gnueabihf/5.4.1/collect2 -plugin /opt/toolchain/gcc-linaro-5.4.1-2017.01-x86_64_arm-linux-gnueabihf/bin/../libexec/gcc/arm-linux-gnueabihf/5.4.1/liblto_plugin.so -plugin-opt=/opt/toolchain/gcc-linaro-5.4.1-2017.01-x86_64_arm-linux-gnueabihf/bin/../libexec/gcc/arm-linux-gnueabihf/5.4.1/lto-wrapper -plugin-opt=-fresolution=/tmp/cclanzl2.res -plugin-opt=-pass-through=-lgcc_s -plugin-opt=-pass-through=-lgcc -plugin-opt=-pass-through=-lc -plugin-opt=-pass-through=-lgcc_s -plugin-opt=-pass-through=-lgcc --sysroot=/opt/toolchain/gcc-linaro-5.4.1-2017.01-x86_64_arm-linux-gnueabihf/bin/../arm-linux-gnueabihf/libc --build-id --eh-frame-hdr -dynamic-linker /lib/ld-linux-armhf.so.3 -X -m armelf_linux_eabi -o cmTC_6dae0 /opt/toolchain/gcc-linaro-5.4.1-2017.01-x86_64_arm-linux-gnueabihf/bin/../arm-linux-gnueabihf/libc/usr/lib/crt1.o /opt/toolchain/gcc-linaro-5.4.1-2017.01-x86_64_arm-linux-gnueabihf/bin/../arm-linux-gnueabihf/libc/usr/lib/crti.o /opt/toolchain/gcc-linaro-5.4.1-2017.01-x86_64_arm-linux-gnueabihf/bin/../lib/gcc/arm-linux-gnueabihf/5.4.1/crtbegin.o -L/opt/toolchain/gcc-linaro-5.4.1-2017.01-x86_64_arm-linux-gnueabihf/bin/../lib/gcc/arm-linux-gnueabihf/5.4.1 -L/opt/toolchain/gcc-linaro-5.4.1-2017.01-x86_64_arm-linux-gnueabihf/bin/../lib/gcc/arm-linux-gnueabihf -L/opt/toolchain/gcc-linaro-5.4.1-2017.01-x86_64_arm-linux-gnueabihf/bin/../lib/gcc -L/opt/toolchain/gcc-linaro-5.4.1-2017.01-x86_64_arm-linux-gnueabihf/bin/../lib/gcc/arm-linux-gnueabihf/5.4.1/../../../../arm-linux-gnueabihf/lib -L/opt/toolchain/gcc-linaro-5.4.1-2017.01-x86_64_arm-linux-gnueabihf/bin/../arm-linux-gnueabihf/libc/lib -L/opt/toolchain/gcc-linaro-5.4.1-2017.01-x86_64_arm-linux-gnueabihf/bin/../arm-linux-gnueabihf/libc/usr/lib CMakeFiles/cmTC_6dae0.dir/CMakeCXXCompilerABI.cpp.o -lstdc++ -lm -lgcc_s -lgcc -lc -lgcc_s -lgcc /opt/toolchain/gcc-linaro-5.4.1-2017.01-x86_64_arm-linux-gnueabihf/bin/../lib/gcc/arm-linux-gnueabihf/5.4.1/crtend.o /opt/toolchain/gcc-linaro-5.4.1-2017.01-x86_64_arm-linux-gnueabihf/bin/../arm-linux-gnueabihf/libc/usr/lib/crtn.o
make[1]: Leaving directory '/home/eunji/project/busan_line1/pic/build/CMakeFiles/CMakeTmp'


Parsed CXX implicit link information from above output:
  link line regex: [^( *|.*[/\])(ld|([^/\]+-)?ld|collect2)[^/\]*( |$)]
  ignore line: [Change Dir: /home/eunji/project/busan_line1/pic/build/CMakeFiles/CMakeTmp]
  ignore line: []
  ignore line: [Run Build Command:"/usr/bin/make" "cmTC_6dae0/fast"]
  ignore line: [/usr/bin/make -f CMakeFiles/cmTC_6dae0.dir/build.make CMakeFiles/cmTC_6dae0.dir/build]
  ignore line: [make[1]: Entering directory '/home/eunji/project/busan_line1/pic/build/CMakeFiles/CMakeTmp']
  ignore line: [Building CXX object CMakeFiles/cmTC_6dae0.dir/CMakeCXXCompilerABI.cpp.o]
  ignore line: [/opt/toolchain/gcc-linaro-5.4.1-2017.01-x86_64_arm-linux-gnueabihf/bin/arm-linux-gnueabihf-g++      -o CMakeFiles/cmTC_6dae0.dir/CMakeCXXCompilerABI.cpp.o -c /usr/share/cmake-3.5/Modules/CMakeCXXCompilerABI.cpp]
  ignore line: [Linking CXX executable cmTC_6dae0]
  ignore line: [/usr/bin/cmake -E cmake_link_script CMakeFiles/cmTC_6dae0.dir/link.txt --verbose=1]
  ignore line: [/opt/toolchain/gcc-linaro-5.4.1-2017.01-x86_64_arm-linux-gnueabihf/bin/arm-linux-gnueabihf-g++       -v CMakeFiles/cmTC_6dae0.dir/CMakeCXXCompilerABI.cpp.o  -o cmTC_6dae0  ]
  ignore line: [Using built-in specs.]
  ignore line: [COLLECT_GCC=/opt/toolchain/gcc-linaro-5.4.1-2017.01-x86_64_arm-linux-gnueabihf/bin/arm-linux-gnueabihf-g++]
  ignore line: [COLLECT_LTO_WRAPPER=/opt/toolchain/gcc-linaro-5.4.1-2017.01-x86_64_arm-linux-gnueabihf/bin/../libexec/gcc/arm-linux-gnueabihf/5.4.1/lto-wrapper]
  ignore line: [Target: arm-linux-gnueabihf]
  ignore line: [Configured with: /home/tcwg-buildslave/workspace/tcwg-make-release/label/docker-trusty-amd64-tcwg-build/target/arm-linux-gnueabihf/snapshots/gcc-linaro-5.4-2017.01/configure SHELL=/bin/bash --with-mpc=/home/tcwg-buildslave/workspace/tcwg-make-release/label/docker-trusty-amd64-tcwg-build/target/arm-linux-gnueabihf/_build/builds/destdir/x86_64-unknown-linux-gnu --with-mpfr=/home/tcwg-buildslave/workspace/tcwg-make-release/label/docker-trusty-amd64-tcwg-build/target/arm-linux-gnueabihf/_build/builds/destdir/x86_64-unknown-linux-gnu --with-gmp=/home/tcwg-buildslave/workspace/tcwg-make-release/label/docker-trusty-amd64-tcwg-build/target/arm-linux-gnueabihf/_build/builds/destdir/x86_64-unknown-linux-gnu --with-gnu-as --with-gnu-ld --disable-libmudflap --enable-lto --enable-objc-gc --enable-shared --without-included-gettext --enable-nls --disable-sjlj-exceptions --enable-gnu-unique-object --enable-linker-build-id --disable-libstdcxx-pch --enable-c99 --enable-clocale=gnu --enable-libstdcxx-debug --enable-long-long --with-cloog=no --with-ppl=no --with-isl=no --disable-multilib --with-float=hard --with-mode=thumb --with-tune=cortex-a9 --with-arch=armv7-a --with-fpu=vfpv3-d16 --enable-threads=posix --enable-multiarch --enable-libstdcxx-time=yes --with-build-sysroot=/home/tcwg-buildslave/workspace/tcwg-make-release/label/docker-trusty-amd64-tcwg-build/target/arm-linux-gnueabihf/_build/sysroots/arm-linux-gnueabihf --with-sysroot=/home/tcwg-buildslave/workspace/tcwg-make-release/label/docker-trusty-amd64-tcwg-build/target/arm-linux-gnueabihf/_build/builds/destdir/x86_64-unknown-linux-gnu/arm-linux-gnueabihf/libc --enable-checking=release --disable-bootstrap --enable-languages=c,c++,fortran,lto --build=x86_64-unknown-linux-gnu --host=x86_64-unknown-linux-gnu --target=arm-linux-gnueabihf --prefix=/home/tcwg-buildslave/workspace/tcwg-make-release/label/docker-trusty-amd64-tcwg-build/target/arm-linux-gnueabihf/_build/builds/destdir/x86_64-unknown-linux-gnu]
  ignore line: [Thread model: posix]
  ignore line: [gcc version 5.4.1 20161213 (Linaro GCC 5.4-2017.01) ]
  ignore line: [COMPILER_PATH=/opt/toolchain/gcc-linaro-5.4.1-2017.01-x86_64_arm-linux-gnueabihf/bin/../libexec/gcc/arm-linux-gnueabihf/5.4.1/:/opt/toolchain/gcc-linaro-5.4.1-2017.01-x86_64_arm-linux-gnueabihf/bin/../libexec/gcc/arm-linux-gnueabihf/:/opt/toolchain/gcc-linaro-5.4.1-2017.01-x86_64_arm-linux-gnueabihf/bin/../libexec/gcc/:/opt/toolchain/gcc-linaro-5.4.1-2017.01-x86_64_arm-linux-gnueabihf/bin/../lib/gcc/arm-linux-gnueabihf/5.4.1/../../../../arm-linux-gnueabihf/bin/]
  ignore line: [LIBRARY_PATH=/opt/toolchain/gcc-linaro-5.4.1-2017.01-x86_64_arm-linux-gnueabihf/bin/../lib/gcc/arm-linux-gnueabihf/5.4.1/:/opt/toolchain/gcc-linaro-5.4.1-2017.01-x86_64_arm-linux-gnueabihf/bin/../lib/gcc/arm-linux-gnueabihf/:/opt/toolchain/gcc-linaro-5.4.1-2017.01-x86_64_arm-linux-gnueabihf/bin/../lib/gcc/:/opt/toolchain/gcc-linaro-5.4.1-2017.01-x86_64_arm-linux-gnueabihf/bin/../lib/gcc/arm-linux-gnueabihf/5.4.1/../../../../arm-linux-gnueabihf/lib/:/opt/toolchain/gcc-linaro-5.4.1-2017.01-x86_64_arm-linux-gnueabihf/bin/../arm-linux-gnueabihf/libc/lib/:/opt/toolchain/gcc-linaro-5.4.1-2017.01-x86_64_arm-linux-gnueabihf/bin/../arm-linux-gnueabihf/libc/usr/lib/]
  ignore line: [COLLECT_GCC_OPTIONS='-v' '-o' 'cmTC_6dae0' '-shared-libgcc' '-march=armv7-a' '-mtune=cortex-a9' '-mfloat-abi=hard' '-mfpu=vfpv3-d16' '-mthumb' '-mtls-dialect=gnu']
  link line: [ /opt/toolchain/gcc-linaro-5.4.1-2017.01-x86_64_arm-linux-gnueabihf/bin/../libexec/gcc/arm-linux-gnueabihf/5.4.1/collect2 -plugin /opt/toolchain/gcc-linaro-5.4.1-2017.01-x86_64_arm-linux-gnueabihf/bin/../libexec/gcc/arm-linux-gnueabihf/5.4.1/liblto_plugin.so -plugin-opt=/opt/toolchain/gcc-linaro-5.4.1-2017.01-x86_64_arm-linux-gnueabihf/bin/../libexec/gcc/arm-linux-gnueabihf/5.4.1/lto-wrapper -plugin-opt=-fresolution=/tmp/cclanzl2.res -plugin-opt=-pass-through=-lgcc_s -plugin-opt=-pass-through=-lgcc -plugin-opt=-pass-through=-lc -plugin-opt=-pass-through=-lgcc_s -plugin-opt=-pass-through=-lgcc --sysroot=/opt/toolchain/gcc-linaro-5.4.1-2017.01-x86_64_arm-linux-gnueabihf/bin/../arm-linux-gnueabihf/libc --build-id --eh-frame-hdr -dynamic-linker /lib/ld-linux-armhf.so.3 -X -m armelf_linux_eabi -o cmTC_6dae0 /opt/toolchain/gcc-linaro-5.4.1-2017.01-x86_64_arm-linux-gnueabihf/bin/../arm-linux-gnueabihf/libc/usr/lib/crt1.o /opt/toolchain/gcc-linaro-5.4.1-2017.01-x86_64_arm-linux-gnueabihf/bin/../arm-linux-gnueabihf/libc/usr/lib/crti.o /opt/toolchain/gcc-linaro-5.4.1-2017.01-x86_64_arm-linux-gnueabihf/bin/../lib/gcc/arm-linux-gnueabihf/5.4.1/crtbegin.o -L/opt/toolchain/gcc-linaro-5.4.1-2017.01-x86_64_arm-linux-gnueabihf/bin/../lib/gcc/arm-linux-gnueabihf/5.4.1 -L/opt/toolchain/gcc-linaro-5.4.1-2017.01-x86_64_arm-linux-gnueabihf/bin/../lib/gcc/arm-linux-gnueabihf -L/opt/toolchain/gcc-linaro-5.4.1-2017.01-x86_64_arm-linux-gnueabihf/bin/../lib/gcc -L/opt/toolchain/gcc-linaro-5.4.1-2017.01-x86_64_arm-linux-gnueabihf/bin/../lib/gcc/arm-linux-gnueabihf/5.4.1/../../../../arm-linux-gnueabihf/lib -L/opt/toolchain/gcc-linaro-5.4.1-2017.01-x86_64_arm-linux-gnueabihf/bin/../arm-linux-gnueabihf/libc/lib -L/opt/toolchain/gcc-linaro-5.4.1-2017.01-x86_64_arm-linux-gnueabihf/bin/../arm-linux-gnueabihf/libc/usr/lib CMakeFiles/cmTC_6dae0.dir/CMakeCXXCompilerABI.cpp.o -lstdc++ -lm -lgcc_s -lgcc -lc -lgcc_s -lgcc /opt/toolchain/gcc-linaro-5.4.1-2017.01-x86_64_arm-linux-gnueabihf/bin/../lib/gcc/arm-linux-gnueabihf/5.4.1/crtend.o /opt/toolchain/gcc-linaro-5.4.1-2017.01-x86_64_arm-linux-gnueabihf/bin/../arm-linux-gnueabihf/libc/usr/lib/crtn.o]
    arg [/opt/toolchain/gcc-linaro-5.4.1-2017.01-x86_64_arm-linux-gnueabihf/bin/../libexec/gcc/arm-linux-gnueabihf/5.4.1/collect2] ==> ignore
    arg [-plugin] ==> ignore
    arg [/opt/toolchain/gcc-linaro-5.4.1-2017.01-x86_64_arm-linux-gnueabihf/bin/../libexec/gcc/arm-linux-gnueabihf/5.4.1/liblto_plugin.so] ==> ignore
    arg [-plugin-opt=/opt/toolchain/gcc-linaro-5.4.1-2017.01-x86_64_arm-linux-gnueabihf/bin/../libexec/gcc/arm-linux-gnueabihf/5.4.1/lto-wrapper] ==> ignore
    arg [-plugin-opt=-fresolution=/tmp/cclanzl2.res] ==> ignore
    arg [-plugin-opt=-pass-through=-lgcc_s] ==> ignore
    arg [-plugin-opt=-pass-through=-lgcc] ==> ignore
    arg [-plugin-opt=-pass-through=-lc] ==> ignore
    arg [-plugin-opt=-pass-through=-lgcc_s] ==> ignore
    arg [-plugin-opt=-pass-through=-lgcc] ==> ignore
    arg [--sysroot=/opt/toolchain/gcc-linaro-5.4.1-2017.01-x86_64_arm-linux-gnueabihf/bin/../arm-linux-gnueabihf/libc] ==> ignore
    arg [--build-id] ==> ignore
    arg [--eh-frame-hdr] ==> ignore
    arg [-dynamic-linker] ==> ignore
    arg [/lib/ld-linux-armhf.so.3] ==> ignore
    arg [-X] ==> ignore
    arg [-m] ==> ignore
    arg [armelf_linux_eabi] ==> ignore
    arg [-o] ==> ignore
    arg [cmTC_6dae0] ==> ignore
    arg [/opt/toolchain/gcc-linaro-5.4.1-2017.01-x86_64_arm-linux-gnueabihf/bin/../arm-linux-gnueabihf/libc/usr/lib/crt1.o] ==> ignore
    arg [/opt/toolchain/gcc-linaro-5.4.1-2017.01-x86_64_arm-linux-gnueabihf/bin/../arm-linux-gnueabihf/libc/usr/lib/crti.o] ==> ignore
    arg [/opt/toolchain/gcc-linaro-5.4.1-2017.01-x86_64_arm-linux-gnueabihf/bin/../lib/gcc/arm-linux-gnueabihf/5.4.1/crtbegin.o] ==> ignore
    arg [-L/opt/toolchain/gcc-linaro-5.4.1-2017.01-x86_64_arm-linux-gnueabihf/bin/../lib/gcc/arm-linux-gnueabihf/5.4.1] ==> dir [/opt/toolchain/gcc-linaro-5.4.1-2017.01-x86_64_arm-linux-gnueabihf/bin/../lib/gcc/arm-linux-gnueabihf/5.4.1]
    arg [-L/opt/toolchain/gcc-linaro-5.4.1-2017.01-x86_64_arm-linux-gnueabihf/bin/../lib/gcc/arm-linux-gnueabihf] ==> dir [/opt/toolchain/gcc-linaro-5.4.1-2017.01-x86_64_arm-linux-gnueabihf/bin/../lib/gcc/arm-linux-gnueabihf]
    arg [-L/opt/toolchain/gcc-linaro-5.4.1-2017.01-x86_64_arm-linux-gnueabihf/bin/../lib/gcc] ==> dir [/opt/toolchain/gcc-linaro-5.4.1-2017.01-x86_64_arm-linux-gnueabihf/bin/../lib/gcc]
    arg [-L/opt/toolchain/gcc-linaro-5.4.1-2017.01-x86_64_arm-linux-gnueabihf/bin/../lib/gcc/arm-linux-gnueabihf/5.4.1/../../../../arm-linux-gnueabihf/lib] ==> dir [/opt/toolchain/gcc-linaro-5.4.1-2017.01-x86_64_arm-linux-gnueabihf/bin/../lib/gcc/arm-linux-gnueabihf/5.4.1/../../../../arm-linux-gnueabihf/lib]
    arg [-L/opt/toolchain/gcc-linaro-5.4.1-2017.01-x86_64_arm-linux-gnueabihf/bin/../arm-linux-gnueabihf/libc/lib] ==> dir [/opt/toolchain/gcc-linaro-5.4.1-2017.01-x86_64_arm-linux-gnueabihf/bin/../arm-linux-gnueabihf/libc/lib]
    arg [-L/opt/toolchain/gcc-linaro-5.4.1-2017.01-x86_64_arm-linux-gnueabihf/bin/../arm-linux-gnueabihf/libc/usr/lib] ==> dir [/opt/toolchain/gcc-linaro-5.4.1-2017.01-x86_64_arm-linux-gnueabihf/bin/../arm-linux-gnueabihf/libc/usr/lib]
    arg [CMakeFiles/cmTC_6dae0.dir/CMakeCXXCompilerABI.cpp.o] ==> ignore
    arg [-lstdc++] ==> lib [stdc++]
    arg [-lm] ==> lib [m]
    arg [-lgcc_s] ==> lib [gcc_s]
    arg [-lgcc] ==> lib [gcc]
    arg [-lc] ==> lib [c]
    arg [-lgcc_s] ==> lib [gcc_s]
    arg [-lgcc] ==> lib [gcc]
    arg [/opt/toolchain/gcc-linaro-5.4.1-2017.01-x86_64_arm-linux-gnueabihf/bin/../lib/gcc/arm-linux-gnueabihf/5.4.1/crtend.o] ==> ignore
    arg [/opt/toolchain/gcc-linaro-5.4.1-2017.01-x86_64_arm-linux-gnueabihf/bin/../arm-linux-gnueabihf/libc/usr/lib/crtn.o] ==> ignore
  remove lib [gcc_s]
  remove lib [gcc]
  remove lib [gcc_s]
  remove lib [gcc]
  collapse library dir [/opt/toolchain/gcc-linaro-5.4.1-2017.01-x86_64_arm-linux-gnueabihf/bin/../lib/gcc/arm-linux-gnueabihf/5.4.1] ==> [/opt/toolchain/gcc-linaro-5.4.1-2017.01-x86_64_arm-linux-gnueabihf/lib/gcc/arm-linux-gnueabihf/5.4.1]
  collapse library dir [/opt/toolchain/gcc-linaro-5.4.1-2017.01-x86_64_arm-linux-gnueabihf/bin/../lib/gcc/arm-linux-gnueabihf] ==> [/opt/toolchain/gcc-linaro-5.4.1-2017.01-x86_64_arm-linux-gnueabihf/lib/gcc/arm-linux-gnueabihf]
  collapse library dir [/opt/toolchain/gcc-linaro-5.4.1-2017.01-x86_64_arm-linux-gnueabihf/bin/../lib/gcc] ==> [/opt/toolchain/gcc-linaro-5.4.1-2017.01-x86_64_arm-linux-gnueabihf/lib/gcc]
  collapse library dir [/opt/toolchain/gcc-linaro-5.4.1-2017.01-x86_64_arm-linux-gnueabihf/bin/../lib/gcc/arm-linux-gnueabihf/5.4.1/../../../../arm-linux-gnueabihf/lib] ==> [/opt/toolchain/gcc-linaro-5.4.1-2017.01-x86_64_arm-linux-gnueabihf/arm-linux-gnueabihf/lib]
  collapse library dir [/opt/toolchain/gcc-linaro-5.4.1-2017.01-x86_64_arm-linux-gnueabihf/bin/../arm-linux-gnueabihf/libc/lib] ==> [/opt/toolchain/gcc-linaro-5.4.1-2017.01-x86_64_arm-linux-gnueabihf/arm-linux-gnueabihf/libc/lib]
  collapse library dir [/opt/toolchain/gcc-linaro-5.4.1-2017.01-x86_64_arm-linux-gnueabihf/bin/../arm-linux-gnueabihf/libc/usr/lib] ==> [/opt/toolchain/gcc-linaro-5.4.1-2017.01-x86_64_arm-linux-gnueabihf/arm-linux-gnueabihf/libc/usr/lib]
  implicit libs: [stdc++;m;c]
  implicit dirs: [/opt/toolchain/gcc-linaro-5.4.1-2017.01-x86_64_arm-linux-gnueabihf/lib/gcc/arm-linux-gnueabihf/5.4.1;/opt/toolchain/gcc-linaro-5.4.1-2017.01-x86_64_arm-linux-gnueabihf/lib/gcc/arm-linux-gnueabihf;/opt/toolchain/gcc-linaro-5.4.1-2017.01-x86_64_arm-linux-gnueabihf/lib/gcc;/opt/toolchain/gcc-linaro-5.4.1-2017.01-x86_64_arm-linux-gnueabihf/arm-linux-gnueabihf/lib;/opt/toolchain/gcc-linaro-5.4.1-2017.01-x86_64_arm-linux-gnueabihf/arm-linux-gnueabihf/libc/lib;/opt/toolchain/gcc-linaro-5.4.1-2017.01-x86_64_arm-linux-gnueabihf/arm-linux-gnueabihf/libc/usr/lib]
  implicit fwks: []




Detecting CXX [-std=c++14] compiler features compiled with the following output:
Change Dir: /home/eunji/project/busan_line1/pic/build/CMakeFiles/CMakeTmp

Run Build Command:"/usr/bin/make" "cmTC_afd8c/fast"
/usr/bin/make -f CMakeFiles/cmTC_afd8c.dir/build.make CMakeFiles/cmTC_afd8c.dir/build
make[1]: Entering directory '/home/eunji/project/busan_line1/pic/build/CMakeFiles/CMakeTmp'
Building CXX object CMakeFiles/cmTC_afd8c.dir/feature_tests.cxx.o
/opt/toolchain/gcc-linaro-5.4.1-2017.01-x86_64_arm-linux-gnueabihf/bin/arm-linux-gnueabihf-g++     -std=c++14 -o CMakeFiles/cmTC_afd8c.dir/feature_tests.cxx.o -c /home/eunji/project/busan_line1/pic/build/CMakeFiles/feature_tests.cxx
Linking CXX executable cmTC_afd8c
/usr/bin/cmake -E cmake_link_script CMakeFiles/cmTC_afd8c.dir/link.txt --verbose=1
/opt/toolchain/gcc-linaro-5.4.1-2017.01-x86_64_arm-linux-gnueabihf/bin/arm-linux-gnueabihf-g++        CMakeFiles/cmTC_afd8c.dir/feature_tests.cxx.o  -o cmTC_afd8c 
make[1]: Leaving directory '/home/eunji/project/busan_line1/pic/build/CMakeFiles/CMakeTmp'


    Feature record: CXX_FEATURE:1cxx_aggregate_default_initializers
    Feature record: CXX_FEATURE:1cxx_alias_templates
    Feature record: CXX_FEATURE:1cxx_alignas
    Feature record: CXX_FEATURE:1cxx_alignof
    Feature record: CXX_FEATURE:1cxx_attributes
    Feature record: CXX_FEATURE:1cxx_attribute_deprecated
    Feature record: CXX_FEATURE:1cxx_auto_type
    Feature record: CXX_FEATURE:1cxx_binary_literals
    Feature record: CXX_FEATURE:1cxx_constexpr
    Feature record: CXX_FEATURE:1cxx_contextual_conversions
    Feature record: CXX_FEATURE:1cxx_decltype
    Feature record: CXX_FEATURE:1cxx_decltype_auto
    Feature record: CXX_FEATURE:1cxx_decltype_incomplete_return_types
    Feature record: CXX_FEATURE:1cxx_default_function_template_args
    Feature record: CXX_FEATURE:1cxx_defaulted_functions
    Feature record: CXX_FEATURE:1cxx_defaulted_move_initializers
    Feature record: CXX_FEATURE:1cxx_delegating_constructors
    Feature record: CXX_FEATURE:1cxx_deleted_functions
    Feature record: CXX_FEATURE:1cxx_digit_separators
    Feature record: CXX_FEATURE:1cxx_enum_forward_declarations
    Feature record: CXX_FEATURE:1cxx_explicit_conversions
    Feature record: CXX_FEATURE:1cxx_extended_friend_declarations
    Feature record: CXX_FEATURE:1cxx_extern_templates
    Feature record: CXX_FEATURE:1cxx_final
    Feature record: CXX_FEATURE:1cxx_func_identifier
    Feature record: CXX_FEATURE:1cxx_generalized_initializers
    Feature record: CXX_FEATURE:1cxx_generic_lambdas
    Feature record: CXX_FEATURE:1cxx_inheriting_constructors
    Feature record: CXX_FEATURE:1cxx_inline_namespaces
    Feature record: CXX_FEATURE:1cxx_lambdas
    Feature record: CXX_FEATURE:1cxx_lambda_init_captures
    Feature record: CXX_FEATURE:1cxx_local_type_template_args
    Feature record: CXX_FEATURE:1cxx_long_long_type
    Feature record: CXX_FEATURE:1cxx_noexcept
    Feature record: CXX_FEATURE:1cxx_nonstatic_member_init
    Feature record: CXX_FEATURE:1cxx_nullptr
    Feature record: CXX_FEATURE:1cxx_override
    Feature record: CXX_FEATURE:1cxx_range_for
    Feature record: CXX_FEATURE:1cxx_raw_string_literals
    Feature record: CXX_FEATURE:1cxx_reference_qualified_functions
    Feature record: CXX_FEATURE:1cxx_relaxed_constexpr
    Feature record: CXX_FEATURE:1cxx_return_type_deduction
    Feature record: CXX_FEATURE:1cxx_right_angle_brackets
    Feature record: CXX_FEATURE:1cxx_rvalue_references
    Feature record: CXX_FEATURE:1cxx_sizeof_member
    Feature record: CXX_FEATURE:1cxx_static_assert
    Feature record: CXX_FEATURE:1cxx_strong_enums
    Feature record: CXX_FEATURE:1cxx_template_template_parameters
    Feature record: CXX_FEATURE:1cxx_thread_local
    Feature record: CXX_FEATURE:1cxx_trailing_return_types
    Feature record: CXX_FEATURE:1cxx_unicode_literals
    Feature record: CXX_FEATURE:1cxx_uniform_initialization
    Feature record: CXX_FEATURE:1cxx_unrestricted_unions
    Feature record: CXX_FEATURE:1cxx_user_literals
    Feature record: CXX_FEATURE:1cxx_variable_templates
    Feature record: CXX_FEATURE:1cxx_variadic_macros
    Feature record: CXX_FEATURE:1cxx_variadic_templates


Detecting CXX [-std=c++11] compiler features compiled with the following output:
Change Dir: /home/eunji/project/busan_line1/pic/build/CMakeFiles/CMakeTmp

Run Build Command:"/usr/bin/make" "cmTC_2e9f9/fast"
/usr/bin/make -f CMakeFiles/cmTC_2e9f9.dir/build.make CMakeFiles/cmTC_2e9f9.dir/build
make[1]: Entering directory '/home/eunji/project/busan_line1/pic/build/CMakeFiles/CMakeTmp'
Building CXX object CMakeFiles/cmTC_2e9f9.dir/feature_tests.cxx.o
/opt/toolchain/gcc-linaro-5.4.1-2017.01-x86_64_arm-linux-gnueabihf/bin/arm-linux-gnueabihf-g++     -std=c++11 -o CMakeFiles/cmTC_2e9f9.dir/feature_tests.cxx.o -c /home/eunji/project/busan_line1/pic/build/CMakeFiles/feature_tests.cxx
Linking CXX executable cmTC_2e9f9
/usr/bin/cmake -E cmake_link_script CMakeFiles/cmTC_2e9f9.dir/link.txt --verbose=1
/opt/toolchain/gcc-linaro-5.4.1-2017.01-x86_64_arm-linux-gnueabihf/bin/arm-linux-gnueabihf-g++        CMakeFiles/cmTC_2e9f9.dir/feature_tests.cxx.o  -o cmTC_2e9f9 
make[1]: Leaving directory '/home/eunji/project/busan_line1/pic/build/CMakeFiles/CMakeTmp'


    Feature record: CXX_FEATURE:0cxx_aggregate_default_initializers
    Feature record: CXX_FEATURE:1cxx_alias_templates
    Feature record: CXX_FEATURE:1cxx_alignas
    Feature record: CXX_FEATURE:1cxx_alignof
    Feature record: CXX_FEATURE:1cxx_attributes
    Feature record: CXX_FEATURE:0cxx_attribute_deprecated
    Feature record: CXX_FEATURE:1cxx_auto_type
    Feature record: CXX_FEATURE:0cxx_binary_literals
    Feature record: CXX_FEATURE:1cxx_constexpr
    Feature record: CXX_FEATURE:0cxx_contextual_conversions
    Feature record: CXX_FEATURE:1cxx_decltype
    Feature record: CXX_FEATURE:0cxx_decltype_auto
    Feature record: CXX_FEATURE:1cxx_decltype_incomplete_return_types
    Feature record: CXX_FEATURE:1cxx_default_function_template_args
    Feature record: CXX_FEATURE:1cxx_defaulted_functions
    Feature record: CXX_FEATURE:1cxx_defaulted_move_initializers
    Feature record: CXX_FEATURE:1cxx_delegating_constructors
    Feature record: CXX_FEATURE:1cxx_deleted_functions
    Feature record: CXX_FEATURE:0cxx_digit_separators
    Feature record: CXX_FEATURE:1cxx_enum_forward_declarations
    Feature record: CXX_FEATURE:1cxx_explicit_conversions
    Feature record: CXX_FEATURE:1cxx_extended_friend_declarations
    Feature record: CXX_FEATURE:1cxx_extern_templates
    Feature record: CXX_FEATURE:1cxx_final
    Feature record: CXX_FEATURE:1cxx_func_identifier
    Feature record: CXX_FEATURE:1cxx_generalized_initializers
    Feature record: CXX_FEATURE:0cxx_generic_lambdas
    Feature record: CXX_FEATURE:1cxx_inheriting_constructors
    Feature record: CXX_FEATURE:1cxx_inline_namespaces
    Feature record: CXX_FEATURE:1cxx_lambdas
    Feature record: CXX_FEATURE:0cxx_lambda_init_captures
    Feature record: CXX_FEATURE:1cxx_local_type_template_args
    Feature record: CXX_FEATURE:1cxx_long_long_type
    Feature record: CXX_FEATURE:1cxx_noexcept
    Feature record: CXX_FEATURE:1cxx_nonstatic_member_init
    Feature record: CXX_FEATURE:1cxx_nullptr
    Feature record: CXX_FEATURE:1cxx_override
    Feature record: CXX_FEATURE:1cxx_range_for
    Feature record: CXX_FEATURE:1cxx_raw_string_literals
    Feature record: CXX_FEATURE:1cxx_reference_qualified_functions
    Feature record: CXX_FEATURE:0cxx_relaxed_constexpr
    Feature record: CXX_FEATURE:0cxx_return_type_deduction
    Feature record: CXX_FEATURE:1cxx_right_angle_brackets
    Feature record: CXX_FEATURE:1cxx_rvalue_references
    Feature record: CXX_FEATURE:1cxx_sizeof_member
    Feature record: CXX_FEATURE:1cxx_static_assert
    Feature record: CXX_FEATURE:1cxx_strong_enums
    Feature record: CXX_FEATURE:1cxx_template_template_parameters
    Feature record: CXX_FEATURE:1cxx_thread_local
    Feature record: CXX_FEATURE:1cxx_trailing_return_types
    Feature record: CXX_FEATURE:1cxx_unicode_literals
    Feature record: CXX_FEATURE:1cxx_uniform_initialization
    Feature record: CXX_FEATURE:1cxx_unrestricted_unions
    Feature record: CXX_FEATURE:1cxx_user_literals
    Feature record: CXX_FEATURE:0cxx_variable_templates
    Feature record: CXX_FEATURE:1cxx_variadic_macros
    Feature record: CXX_FEATURE:1cxx_variadic_templates


Detecting CXX [-std=c++98] compiler features compiled with the following output:
Change Dir: /home/eunji/project/busan_line1/pic/build/CMakeFiles/CMakeTmp

Run Build Command:"/usr/bin/make" "cmTC_c02b0/fast"
/usr/bin/make -f CMakeFiles/cmTC_c02b0.dir/build.make CMakeFiles/cmTC_c02b0.dir/build
make[1]: Entering directory '/home/eunji/project/busan_line1/pic/build/CMakeFiles/CMakeTmp'
Building CXX object CMakeFiles/cmTC_c02b0.dir/feature_tests.cxx.o
/opt/toolchain/gcc-linaro-5.4.1-2017.01-x86_64_arm-linux-gnueabihf/bin/arm-linux-gnueabihf-g++     -std=c++98 -o CMakeFiles/cmTC_c02b0.dir/feature_tests.cxx.o -c /home/eunji/project/busan_line1/pic/build/CMakeFiles/feature_tests.cxx
Linking CXX executable cmTC_c02b0
/usr/bin/cmake -E cmake_link_script CMakeFiles/cmTC_c02b0.dir/link.txt --verbose=1
/opt/toolchain/gcc-linaro-5.4.1-2017.01-x86_64_arm-linux-gnueabihf/bin/arm-linux-gnueabihf-g++        CMakeFiles/cmTC_c02b0.dir/feature_tests.cxx.o  -o cmTC_c02b0 
make[1]: Leaving directory '/home/eunji/project/busan_line1/pic/build/CMakeFiles/CMakeTmp'


    Feature record: CXX_FEATURE:0cxx_aggregate_default_initializers
    Feature record: CXX_FEATURE:0cxx_alias_templates
    Feature record: CXX_FEATURE:0cxx_alignas
    Feature record: CXX_FEATURE:0cxx_alignof
    Feature record: CXX_FEATURE:0cxx_attributes
    Feature record: CXX_FEATURE:0cxx_attribute_deprecated
    Feature record: CXX_FEATURE:0cxx_auto_type
    Feature record: CXX_FEATURE:0cxx_binary_literals
    Feature record: CXX_FEATURE:0cxx_constexpr
    Feature record: CXX_FEATURE:0cxx_contextual_conversions
    Feature record: CXX_FEATURE:0cxx_decltype
    Feature record: CXX_FEATURE:0cxx_decltype_auto
    Feature record: CXX_FEATURE:0cxx_decltype_incomplete_return_types
    Feature record: CXX_FEATURE:0cxx_default_function_template_args
    Feature record: CXX_FEATURE:0cxx_defaulted_functions
    Feature record: CXX_FEATURE:0cxx_defaulted_move_initializers
    Feature record: CXX_FEATURE:0cxx_delegating_constructors
    Feature record: CXX_FEATURE:0cxx_deleted_functions
    Feature record: CXX_FEATURE:0cxx_digit_separators
    Feature record: CXX_FEATURE:0cxx_enum_forward_declarations
    Feature record: CXX_FEATURE:0cxx_explicit_conversions
    Feature record: CXX_FEATURE:0cxx_extended_friend_declarations
    Feature record: CXX_FEATURE:0cxx_extern_templates
    Feature record: CXX_FEATURE:0cxx_final
    Feature record: CXX_FEATURE:0cxx_func_identifier
    Feature record: CXX_FEATURE:0cxx_generalized_initializers
    Feature record: CXX_FEATURE:0cxx_generic_lambdas
    Feature record: CXX_FEATURE:0cxx_inheriting_constructors
    Feature record: CXX_FEATURE:0cxx_inline_namespaces
    Feature record: CXX_FEATURE:0cxx_lambdas
    Feature record: CXX_FEATURE:0cxx_lambda_init_captures
    Feature record: CXX_FEATURE:0cxx_local_type_template_args
    Feature record: CXX_FEATURE:0cxx_long_long_type
    Feature record: CXX_FEATURE:0cxx_noexcept
    Feature record: CXX_FEATURE:0cxx_nonstatic_member_init
    Feature record: CXX_FEATURE:0cxx_nullptr
    Feature record: CXX_FEATURE:0cxx_override
    Feature record: CXX_FEATURE:0cxx_range_for
    Feature record: CXX_FEATURE:0cxx_raw_string_literals
    Feature record: CXX_FEATURE:0cxx_reference_qualified_functions
    Feature record: CXX_FEATURE:0cxx_relaxed_constexpr
    Feature record: CXX_FEATURE:0cxx_return_type_deduction
    Feature record: CXX_FEATURE:0cxx_right_angle_brackets
    Feature record: CXX_FEATURE:0cxx_rvalue_references
    Feature record: CXX_FEATURE:0cxx_sizeof_member
    Feature record: CXX_FEATURE:0cxx_static_assert
    Feature record: CXX_FEATURE:0cxx_strong_enums
    Feature record: CXX_FEATURE:1cxx_template_template_parameters
    Feature record: CXX_FEATURE:0cxx_thread_local
    Feature record: CXX_FEATURE:0cxx_trailing_return_types
    Feature record: CXX_FEATURE:0cxx_unicode_literals
    Feature record: CXX_FEATURE:0cxx_uniform_initialization
    Feature record: CXX_FEATURE:0cxx_unrestricted_unions
    Feature record: CXX_FEATURE:0cxx_user_literals
    Feature record: CXX_FEATURE:0cxx_variable_templates
    Feature record: CXX_FEATURE:0cxx_variadic_macros
    Feature record: CXX_FEATURE:0cxx_variadic_templates
